Exporter version: 5.3-beta, Blender version: 2.78 (sub 0)
========= Conversion from Blender to Babylon.js =========
	Scene settings used:
		selected layers only:  false
		flat shading entire scene:  false
		inline textures:  false
		texture directory:  /Users/jdurrant/Documents/Work/proteinvr_scenes/insulin/scene1.TheStructure/1.source/./tmp/
	Python World class constructor completed
	processing begun of mesh:  monomer_ribbon_chain2.helix3Decimated
		WARNING: No materials have been assigned: 
		num positions      :  1164
		num normals        :  1164
		num uvs            :  2328
		num uvs2           :  0
		num colors         :  0
		num indices        :  4530
	processing begun of mesh:  monomer_ribbon_chain2.helix2Decimated
		WARNING: No materials have been assigned: 
		num positions      :  1051
		num normals        :  1051
		num uvs            :  2102
		num uvs2           :  0
		num colors         :  0
		num indices        :  4095
	processing begun of mesh:  monomer_ribbon_chain2Decimated
		WARNING: No materials have been assigned: 
		num positions      :  959
		num normals        :  959
		num uvs            :  1918
		num uvs2           :  0
		num colors         :  0
		num indices        :  3501
	processing begun of mesh:  monomer_ribbon_chain1.sheetDecimated
		WARNING: No materials have been assigned: 
		num positions      :  473
		num normals        :  473
		num uvs            :  946
		num uvs2           :  0
		num colors         :  0
		num indices        :  2040
	processing begun of mesh:  monomer_ribbon_chain1.helix1Decimated
		WARNING: No materials have been assigned: 
		num positions      :  2181
		num normals        :  2181
		num uvs            :  4362
		num uvs2           :  0
		num colors         :  0
		num indices        :  9246
	processing begun of mesh:  monomer_ribbon_chain1Decimated
		WARNING: No materials have been assigned: 
		num positions      :  1486
		num normals        :  1486
		num uvs            :  2972
		num uvs2           :  0
		num colors         :  0
		num indices        :  6120
	processing begun of mesh:  monomer_cysteine_bondsDecimated
		WARNING: No materials have been assigned: 
		num positions      :  5487
		num normals        :  5487
		num uvs            :  10974
		num uvs2           :  0
		num colors         :  0
		num indices        :  10512
	processing begun of mesh:  sky
		WARNING: No materials have been assigned: 
		num positions      :  308
		num normals        :  308
		num uvs            :  616
		num uvs2           :  0
		num colors         :  0
		num indices        :  1344
	processing begun of mesh:  monomer_ribbon_chain1.sheet
		WARNING: No materials have been assigned: 
		num positions      :  2219
		num normals        :  2219
		num uvs            :  4438
		num uvs2           :  0
		num colors         :  0
		num indices        :  10212
	processing begun of mesh:  monomer_ribbon_chain2.helix3
		WARNING: No materials have been assigned: 
		num positions      :  4920
		num normals        :  4920
		num uvs            :  9840
		num uvs2           :  0
		num colors         :  0
		num indices        :  22650
	processing begun of mesh:  monomer_ribbon_chain2.helix2
		WARNING: No materials have been assigned: 
		num positions      :  4453
		num normals        :  4453
		num uvs            :  8906
		num uvs2           :  0
		num colors         :  0
		num indices        :  20490
	processing begun of mesh:  monomer_ribbon_chain1.helix1
		WARNING: No materials have been assigned: 
		num positions      :  10082
		num normals        :  10082
		num uvs            :  20164
		num uvs2           :  0
		num colors         :  0
		num indices        :  46254
	processing begun of mesh:  grnd
		WARNING: No materials have been assigned: 
		num positions      :  4
		num normals        :  4
		num uvs            :  8
		num uvs2           :  0
		num colors         :  0
		num indices        :  6
	processing begun of camera (UniversalCamera):  cmra
	processing begun of mesh:  monomer_ribbon_chain2
		WARNING: No materials have been assigned: 
		num positions      :  3886
		num normals        :  3886
		num uvs            :  7772
		num uvs2           :  0
		num colors         :  0
		num indices        :  17520
	processing begun of mesh:  monomer_ribbon_chain1
		WARNING: No materials have been assigned: 
		num positions      :  6632
		num normals        :  6632
		num uvs            :  13264
		num uvs2           :  0
		num colors         :  0
		num indices        :  30606
	processing begun of mesh:  monomer_cysteine_bonds
		WARNING: No materials have been assigned: 
		num positions      :  16402
		num normals        :  16402
		num uvs            :  32804
		num uvs2           :  0
		num colors         :  0
		num indices        :  52560
========= Writing of scene file started =========
========= Writing of scene file completed =========
========= end of processing =========
elapsed time:  0 min, 6.0272 secs
