Exporter version: 5.4.0, Blender version: 2.79 (sub 0)
========= Conversion from Blender to Babylon.js =========
	Scene settings used:
		selected layers only:  false
		flat shading entire scene:  false
		inline textures:  false
		texture directory:  /Users/jdurrant/Documents/Work/durrant_git/protein-vr/video-based-plugin/plugin/assets/
	Python World class constructor completed
	processing begun of mesh:  ProteinVR_ViewerSphere
		WARNING: No materials have been assigned: 
		num positions      :  588
		num normals        :  588
		num uvs            :  1176
		num uvs2           :  0
		num colors         :  0
		num indices        :  2880
	processing begun of mesh:  ProteinVR_Arrow
		processing begun of Standard material:  arrow_mat
		num positions      :  12
		num normals        :  12
		num uvs            :  0
		num uvs2           :  0
		num colors         :  0
		num indices        :  60
	processing begun of camera (UniversalCamera):  Camera
========= Writing of scene file started =========
========= Writing of scene file completed =========
========= end of processing =========
elapsed time:  0 min, 0.0834 secs
