Exporter version: 5.3-beta, Blender version: 2.78 (sub 0)
========= Conversion from Blender to Babylon.js =========
	Scene settings used:
		selected layers only:  false
		flat shading entire scene:  false
		inline textures:  false
		texture directory:  /Users/jdurrant/Documents/Work/proteinvr_scenes/influenza/../../durrant_git/protein-vr/webapp/scenes/influenza/
	Python World class constructor completed
	processing begun of mesh:  tube.007_innerDecimated
		WARNING: No materials have been assigned: 
		num positions      :  9612
		num normals        :  9612
		num uvs            :  19224
		num uvs2           :  0
		num colors         :  38448
		num indices        :  40503
		Shape Keys:
	processing begun of mesh:  tube.006_innerDecimated
		WARNING: No materials have been assigned: 
		num positions      :  9239
		num normals        :  9239
		num uvs            :  18478
		num uvs2           :  0
		num colors         :  0
		num indices        :  40506
		Shape Keys:
	processing begun of mesh:  tube.005_innerDecimated
		WARNING: No materials have been assigned: 
		num positions      :  9619
		num normals        :  9619
		num uvs            :  19238
		num uvs2           :  0
		num colors         :  0
		num indices        :  40503
		Shape Keys:
	processing begun of mesh:  tube.004_innerDecimated
		WARNING: No materials have been assigned: 
		num positions      :  9304
		num normals        :  9304
		num uvs            :  18608
		num uvs2           :  0
		num colors         :  0
		num indices        :  40503
		Shape Keys:
	processing begun of mesh:  Na_textDecimated
		WARNING: No materials have been assigned: 
		num positions      :  6610
		num normals        :  6610
		num uvs            :  13220
		num uvs2           :  0
		num colors         :  0
		num indices        :  15096
	processing begun of mesh:  NA_patch_single_outerDecimated
		WARNING: No materials have been assigned: 
		num positions      :  1334
		num normals        :  1334
		num uvs            :  2668
		num uvs2           :  0
		num colors         :  0
		num indices        :  2646
	processing begun of mesh:  NA_patch_002Decimated
		WARNING: No materials have been assigned: 
		num positions      :  1213
		num normals        :  1213
		num uvs            :  2426
		num uvs2           :  0
		num colors         :  0
		num indices        :  2604
	processing begun of mesh:  NA_patch_001Decimated
		WARNING: No materials have been assigned: 
		num positions      :  1156
		num normals        :  1156
		num uvs            :  2312
		num uvs2           :  0
		num colors         :  0
		num indices        :  2394
	processing begun of mesh:  NA_patchDecimated
		WARNING: No materials have been assigned: 
		num positions      :  1304
		num normals        :  1304
		num uvs            :  2608
		num uvs2           :  0
		num colors         :  0
		num indices        :  2658
	processing begun of mesh:  HA_patch_008Decimated
		WARNING: No materials have been assigned: 
		num positions      :  788
		num normals        :  788
		num uvs            :  1576
		num uvs2           :  0
		num colors         :  0
		num indices        :  1692
	processing begun of mesh:  HA_patch_007.001Decimated
		WARNING: No materials have been assigned: 
		num positions      :  2311
		num normals        :  2311
		num uvs            :  4622
		num uvs2           :  0
		num colors         :  0
		num indices        :  4998
	processing begun of mesh:  HA_patch_007Decimated
		WARNING: No materials have been assigned: 
		num positions      :  2375
		num normals        :  2375
		num uvs            :  4750
		num uvs2           :  0
		num colors         :  0
		num indices        :  5076
	processing begun of mesh:  HA_patch_006Decimated
		WARNING: No materials have been assigned: 
		num positions      :  12947
		num normals        :  12947
		num uvs            :  25894
		num uvs2           :  0
		num colors         :  0
		num indices        :  25284
	processing begun of mesh:  HA_patch_005Decimated
		WARNING: No materials have been assigned: 
		num positions      :  5147
		num normals        :  5147
		num uvs            :  10294
		num uvs2           :  0
		num colors         :  0
		num indices        :  9990
	processing begun of mesh:  HA_patch_004Decimated
		WARNING: No materials have been assigned: 
		num positions      :  1276
		num normals        :  1276
		num uvs            :  2552
		num uvs2           :  0
		num colors         :  0
		num indices        :  2712
	processing begun of mesh:  HA_patch_003Decimated
		WARNING: No materials have been assigned: 
		num positions      :  3767
		num normals        :  3767
		num uvs            :  7534
		num uvs2           :  0
		num colors         :  0
		num indices        :  7410
	processing begun of mesh:  HA_patch_002Decimated
		WARNING: No materials have been assigned: 
		num positions      :  2417
		num normals        :  2417
		num uvs            :  4834
		num uvs2           :  0
		num colors         :  0
		num indices        :  5238
	processing begun of mesh:  HA_patch_001Decimated
		WARNING: No materials have been assigned: 
		num positions      :  1157
		num normals        :  1157
		num uvs            :  2314
		num uvs2           :  0
		num colors         :  0
		num indices        :  2358
	processing begun of mesh:  HA_patchDecimated
		WARNING: No materials have been assigned: 
		num positions      :  730
		num normals        :  730
		num uvs            :  1460
		num uvs2           :  0
		num colors         :  0
		num indices        :  1704
	processing begun of mesh:  grndDecimated
		WARNING: No materials have been assigned: 
		num positions      :  13120
		num normals        :  13120
		num uvs            :  26240
		num uvs2           :  0
		num colors         :  0
		num indices        :  32118
	processing begun of node:  ./brook-pub-domain.mp3
	processing begun of mesh:  Na_text
		WARNING: No materials have been assigned: 
		num positions      :  22425
		num normals        :  22425
		num uvs            :  44850
		num uvs2           :  0
		num colors         :  0
		num indices        :  75492
	processing begun of mesh:  HA_patch_007.001
		WARNING: No materials have been assigned: 
		num positions      :  8149
		num normals        :  8149
		num uvs            :  16298
		num uvs2           :  0
		num colors         :  0
		num indices        :  25008
	processing begun of mesh:  NA_patch_002
		WARNING: No materials have been assigned: 
		num positions      :  4281
		num normals        :  4281
		num uvs            :  8562
		num uvs2           :  0
		num colors         :  0
		num indices        :  13020
	processing begun of mesh:  NA_patch_001
		WARNING: No materials have been assigned: 
		num positions      :  4157
		num normals        :  4157
		num uvs            :  8314
		num uvs2           :  0
		num colors         :  0
		num indices        :  11976
	processing begun of mesh:  HA_patch_008
		WARNING: No materials have been assigned: 
		num positions      :  2839
		num normals        :  2839
		num uvs            :  5678
		num uvs2           :  0
		num colors         :  0
		num indices        :  8460
	processing begun of mesh:  HA_patch_007
		WARNING: No materials have been assigned: 
		num positions      :  8495
		num normals        :  8495
		num uvs            :  16990
		num uvs2           :  0
		num colors         :  0
		num indices        :  25404
	processing begun of mesh:  HA_patch_006
		WARNING: No materials have been assigned: 
		num positions      :  45655
		num normals        :  45655
		num uvs            :  91310
		num uvs2           :  0
		num colors         :  0
		num indices        :  126426
	processing begun of mesh:  HA_patch_005
		WARNING: No materials have been assigned: 
		num positions      :  18120
		num normals        :  18120
		num uvs            :  36240
		num uvs2           :  0
		num colors         :  0
		num indices        :  49968
	processing begun of mesh:  HA_patch_004
		WARNING: No materials have been assigned: 
		num positions      :  4514
		num normals        :  4514
		num uvs            :  9028
		num uvs2           :  0
		num colors         :  0
		num indices        :  13566
	processing begun of mesh:  HA_patch_003
		WARNING: No materials have been assigned: 
		num positions      :  13454
		num normals        :  13454
		num uvs            :  26908
		num uvs2           :  0
		num colors         :  0
		num indices        :  37056
	processing begun of mesh:  HA_patch_002
		WARNING: No materials have been assigned: 
		num positions      :  8693
		num normals        :  8693
		num uvs            :  17386
		num uvs2           :  0
		num colors         :  0
		num indices        :  26190
	processing begun of mesh:  HA_patch_001
		WARNING: No materials have been assigned: 
		num positions      :  4115
		num normals        :  4115
		num uvs            :  8230
		num uvs2           :  0
		num colors         :  0
		num indices        :  11814
	processing begun of mesh:  sky
		WARNING: No materials have been assigned: 
		num positions      :  263
		num normals        :  263
		num uvs            :  526
		num uvs2           :  0
		num colors         :  0
		num indices        :  720
	processing begun of mesh:  NA_patch_single_outer
		WARNING: No materials have been assigned: 
		num positions      :  4720
		num normals        :  4720
		num uvs            :  9440
		num uvs2           :  0
		num colors         :  0
		num indices        :  13254
	processing begun of mesh:  grnd
		WARNING: No materials have been assigned: 
		num positions      :  48114
		num normals        :  48114
		num uvs            :  96228
		num uvs2           :  0
		num colors         :  0
		num indices        :  160608
	processing begun of mesh:  HA_patch
		WARNING: No materials have been assigned: 
		num positions      :  2795
		num normals        :  2795
		num uvs            :  5590
		num uvs2           :  0
		num colors         :  0
		num indices        :  8544
	processing begun of mesh:  NA_patch
		WARNING: No materials have been assigned: 
		num positions      :  4576
		num normals        :  4576
		num uvs            :  9152
		num uvs2           :  0
		num colors         :  0
		num indices        :  13302
	processing begun of camera (UniversalCamera):  cmra
	processing begun of mesh:  tube.004_inner
		WARNING: No materials have been assigned: 
		num positions      :  42500
		num normals        :  42500
		num uvs            :  85000
		num uvs2           :  0
		num colors         :  0
		num indices        :  202536
		Shape Keys:
	processing begun of mesh:  tube.005_inner
		WARNING: No materials have been assigned: 
		num positions      :  42793
		num normals        :  42793
		num uvs            :  85586
		num uvs2           :  0
		num colors         :  0
		num indices        :  202536
		Shape Keys:
	processing begun of mesh:  tube.006_inner
		WARNING: No materials have been assigned: 
		num positions      :  42484
		num normals        :  42484
		num uvs            :  84968
		num uvs2           :  0
		num colors         :  0
		num indices        :  202536
		Shape Keys:
	processing begun of mesh:  tube.007_inner
		WARNING: No materials have been assigned: 
		num positions      :  42942
		num normals        :  42942
		num uvs            :  85884
		num uvs2           :  0
		num colors         :  171768
		num indices        :  202536
		Shape Keys:
========= Writing of scene file started =========
========= Writing of scene file completed =========
========= end of processing =========
elapsed time:  1 min, 23.9787 secs
