Exporter version: 6.1.2, Blender version: 2.80 (sub 74)
========= Conversion from Blender to Babylon.js =========
	Scene settings used :
		inline textures     :  false
		Material Type       :  PBR
		Positions Precision :  4
		Normals Precision   :  3
		UVs Precision       :  3
		Vert Color Precision:  3
		Mat Weight Precision:  2
		texture directory   :  /Users/jdurrant/Documents/Work/durrant_git/protein-vr/webpack_version/src/babylon_scenes/day/
	Python World class constructor completed
	WARNING: No active camera has been assigned, or is not in a currently selected Blender layer
	processing begun of mesh:  protein_box
		WARNING: No materials have been assigned: 
		num positions      :  29
		num normals        :  29
		num tangents       :  0
		num uvs            :  58
		num uvs2           :  0
		num colors         :  0
		num indices        :  36
	processing begun of mesh:  ground
		WARNING: No materials have been assigned: 
		num positions      :  4
		num normals        :  4
		num tangents       :  0
		num uvs            :  8
		num uvs2           :  0
		num colors         :  0
		num indices        :  6
	processing begun of mesh:  ShadowCatcher
		WARNING: No materials have been assigned: 
		num positions      :  4
		num normals        :  4
		num tangents       :  0
		num uvs            :  8
		num uvs2           :  0
		num colors         :  0
		num indices        :  6
	processing begun of mesh:  skybox.baked
		processing begun of material:  baked.001
			processing texture Baked
				texture type:  emissiveTexture, mapped using: "UVMap"
		num positions      :  31
		num normals        :  31
		num tangents       :  0
		num uvs            :  62
		num uvs2           :  0
		num colors         :  0
		num indices        :  36
	processing begun of camera (UniversalCamera):  Camera
	processing begun of light (POINT):  ShadowLight_Sun_dark_0.95_blur_64_ambient_0.25
========= Writing of JSON file started =========
========= Writing of JSON file completed =========
========= end of processing =========
elapsed time:  0 min, 0.318 secs
