lodash.min.js:11: WARNING - Function function: called with 0 argument(s). Function requires at least 1 argument(s) and no more than 1 argument(s).
(function (undef) {
 ^^^^^^^^^^^^^^^^^^

lodash.min.js:42: WARNING - assignment
found   : Array<string>
required: (String|null)
            name = name.split('/');
            ^^^^^^^^^^^^^^^^^^^^^^

lodash.min.js:61: WARNING - assignment
found   : Array<?>
required: (String|null)
                name = normalizedBaseParts.concat(name);
                ^^^^^^^^^^^^^^^^^^^^^^^^^^^^^^^^^^^^^^^

lodash.min.js:86: WARNING - assignment
found   : string
required: (String|null)
            name = name.join('/');
            ^^^^^^^^^^^^^^^^^^^^^

lodash.min.js:136: WARNING - assignment
found   : string
required: (String|null)
                name = nameParts.join('/');
                ^^^^^^^^^^^^^^^^^^^^^^^^^^

lodash.min.js:140: WARNING - inconsistent return type
found   : (null|string)
required: (String|null)
        return name;
               ^^^^

lodash.min.js:257: WARNING - Function makeRequire: called with 1 argument(s). Function requires at least 2 argument(s) and no more than 2 argument(s).
            return makeRequire(name);
                   ^^^^^^^^^^^^^^^^^

lodash.min.js:355: WARNING - Function req: called with 2 argument(s). Function requires at least 5 argument(s) and no more than 5 argument(s).
                req(config.deps, config.callback);
                ^^^^^^^^^^^^^^^^^^^^^^^^^^^^^^^^^

lodash.min.js:405: WARNING - Function req: called with 1 argument(s). Function requires at least 5 argument(s) and no more than 5 argument(s).
        return req(cfg);
               ^^^^^^^^

lodash.min.js:437: WARNING - Function define: called with 2 argument(s). Function requires at least 3 argument(s) and no more than 3 argument(s).
define("external/almond", function(){});
^^^^^^^^^^^^^^^^^^^^^^^^^^^^^^^^^^^^^^^

lodash.min.js:465: WARNING - unreachable code
        if (false) { // true means use manifest files.
                   ^^^^^^^^^^^^^^^^^^^^^^^^^^^^^^^^^^^

lodash.min.js:615: WARNING - assignment to property onload of Element
found   : function(?, ?): undefined
required: (function((Event|null)): ?|null)
        script.onload = script.onreadystatechange = function (_, isAbort) {
        ^^^^^^^^^^^^^^^^^^^^^^^^^^^^^^^^^^^^^^^^^^^^^^^^^^^^^^^^^^^^^^^^^^^

lodash.min.js:627: WARNING - actual parameter 1 of Node.prototype.insertBefore does not match formal parameter
found   : (Element|undefined)
required: (Node|null)
        prior.parentNode.insertBefore(script, prior);
                                      ^^^^^^

lodash.min.js:824: WARNING - cannot instantiate non-constructor
        result.optimizations.push(new RemoveSurfaces(priority)); // Remove surfaces
                                  ^^^^^^^^^^^^^^^^^^^^^^^^^^^^

lodash.min.js:827: WARNING - cannot instantiate non-constructor
        result.optimizations.push(new SimplifyMeshes(priority, 500)); // Simplify meshes.
                                  ^^^^^^^^^^^^^^^^^^^^^^^^^^^^^^^^^

lodash.min.js:933: WARNING - restricted index type
found   : string
required: number
                    var mesh = meshesToConsider[meshIdx][1];
                                                ^^^^^^^

lodash.min.js:934: WARNING - restricted index type
found   : string
required: number
                    var decimationLvel = meshesToConsider[meshIdx][2];
                                                          ^^^^^^^

lodash.min.js:1445: WARNING - Function BABYLON.Ray: called with 2 argument(s). Function requires at least 3 argument(s) and no more than 3 argument(s).
            ray = new BABYLON.Ray(camPos, exports.curStarePt.subtract(camPos));
                  ^^^^^^^^^^^^^^^^^^^^^^^^^^^^^^^^^^^^^^^^^^^^^^^^^^^^^^^^^^^^

lodash.min.js:2916: WARNING - Function require: called with 2 argument(s). Function requires at least 5 argument(s) and no more than 5 argument(s).
require(["Game"], function (Game) {
^^^^^^^^^^^^^^^^^^^^^^^^^^^^^^^^^^^

lodash.min.js:2920: WARNING - Function define: called with 2 argument(s). Function requires at least 3 argument(s) and no more than 3 argument(s).
define("Start", function(){});
^^^^^^^^^^^^^^^^^^^^^^^^^^^^^

utilities/custom_extern.js:412: WARNING - Property WebVRController never defined on BABYLON.Scene.prototype
BABYLON.Scene.prototype.WebVRController.onTriggerStateChangedObservable = function() {};
                        ^^^^^^^^^^^^^^^

utilities/custom_extern.js:413: WARNING - Property WebVRController never defined on BABYLON.Scene.prototype
BABYLON.Scene.prototype.WebVRController.onTriggerStateChangedObservable.add = function(a) {};
                        ^^^^^^^^^^^^^^^

utilities/custom_extern.js:414: WARNING - Property WebVRController never defined on BABYLON.Scene.prototype
BABYLON.Scene.prototype.WebVRController.onPadStateChangedObservable = function() {};
                        ^^^^^^^^^^^^^^^

utilities/custom_extern.js:415: WARNING - Property WebVRController never defined on BABYLON.Scene.prototype
BABYLON.Scene.prototype.WebVRController.onPadStateChangedObservable.add = function(a) {};
                        ^^^^^^^^^^^^^^^

utilities/custom_extern.js:416: WARNING - Property WebVRController never defined on BABYLON.Scene.prototype
BABYLON.Scene.prototype.WebVRController.onPadValuesChangedObservable = function() {};
                        ^^^^^^^^^^^^^^^

utilities/custom_extern.js:417: WARNING - Property WebVRController never defined on BABYLON.Scene.prototype
BABYLON.Scene.prototype.WebVRController.onPadValuesChangedObservable.add = function(a) {};
                        ^^^^^^^^^^^^^^^

utilities/custom_extern.js:419: WARNING - Property WebVRController never defined on BABYLON.Scene.prototype
BABYLON.Scene.prototype.WebVRController.onMainButtonStateChangedObservable= function() {};
                        ^^^^^^^^^^^^^^^

utilities/custom_extern.js:420: WARNING - Property WebVRController never defined on BABYLON.Scene.prototype
BABYLON.Scene.prototype.WebVRController.onMainButtonStateChangedObservable.add = function(a) {};
                        ^^^^^^^^^^^^^^^

utilities/custom_extern.js:422: WARNING - Property WebVRController never defined on BABYLON.Scene.prototype
BABYLON.Scene.prototype.WebVRController.onSecondaryButtonStateChangedObservable= function() {};
                        ^^^^^^^^^^^^^^^

utilities/custom_extern.js:423: WARNING - Property WebVRController never defined on BABYLON.Scene.prototype
BABYLON.Scene.prototype.WebVRController.onSecondaryButtonStateChangedObservable.add = function(a) {};
                        ^^^^^^^^^^^^^^^

utilities/custom_extern.js:425: WARNING - Property WebVRController never defined on BABYLON.Scene.prototype
BABYLON.Scene.prototype.WebVRController.onMenuButtonStateChangedObservable= function() {};
                        ^^^^^^^^^^^^^^^

utilities/custom_extern.js:426: WARNING - Property WebVRController never defined on BABYLON.Scene.prototype
BABYLON.Scene.prototype.WebVRController.onMenuButtonStateChangedObservable.add = function(a) {};
                        ^^^^^^^^^^^^^^^

utilities/custom_extern.js:429: WARNING - Property WebVRController never defined on BABYLON.Scene.prototype
BABYLON.Scene.prototype.WebVRController.pad;
                        ^^^^^^^^^^^^^^^

0 error(s), 33 warning(s), 67.0% typed
