Exporter version: 6.1.2, Blender version: 2.80 (sub 75)
========= Conversion from Blender to Babylon.js =========
	Scene settings used :
		inline textures     :  false
		Material Type       :  PBR
		Positions Precision :  4
		Normals Precision   :  3
		UVs Precision       :  3
		Vert Color Precision:  3
		Mat Weight Precision:  2
		texture directory   :  /Users/jdurrant/Documents/Work/durrant_git/protein-vr/webpack_version/src/babylon_scenes/blood_full/
	Python World class constructor completed
	processing begun of mesh:  protein_box
		WARNING: No materials have been assigned: 
		num positions      :  29
		num normals        :  29
		num tangents       :  0
		num uvs            :  58
		num uvs2           :  0
		num colors         :  0
		num indices        :  36
	processing begun of mesh:  ground
		WARNING: No materials have been assigned: 
		num positions      :  4
		num normals        :  4
		num tangents       :  0
		num uvs            :  8
		num uvs2           :  0
		num colors         :  0
		num indices        :  6
	processing begun of mesh:  ShadowCatcher
		WARNING: No materials have been assigned: 
		num positions      :  4
		num normals        :  4
		num tangents       :  0
		num uvs            :  8
		num uvs2           :  0
		num colors         :  0
		num indices        :  6
	processing begun of camera (UniversalCamera):  Camera
	processing begun of mesh:  blood_cell
		processing begun of material:  Material
			processing texture blood_cells_baked_png_denoised
				texture type:  emissiveTexture, mapped using: "UVMap"
		Custom split normals with tangents being used
		num positions      :  23094
		num normals        :  23094
		num tangents       :  23094
		num uvs            :  46188
		num uvs2           :  0
		num colors         :  0
		num indices        :  77760
	processing begun of mesh:  inside
		processing begun of material:  Material.002
			processing texture vessel_baked_png_denoised_2
				texture type:  emissiveTexture, mapped using: "UVMap"
		num positions      :  1731
		num normals        :  1731
		num tangents       :  0
		num uvs            :  3462
		num uvs2           :  0
		num colors         :  0
		num indices        :  7368
	processing begun of light (POINT):  ShadowLight_Sun_dark_0.95_blur_64_ambient_0.1
========= Writing of JSON file started =========
========= Writing of JSON file completed =========
========= end of processing =========
elapsed time:  0 min, 2.2728 secs
