Exporter version: 6.2.4, Blender version: 2.81 (sub 16)
========= Conversion from Blender to Babylon.js =========
	Scene settings used :
		inline textures     :  false
		Material Type       :  PBR
		Positions Precision :  4
		Normals Precision   :  3
		UVs Precision       :  3
		Vert Color Precision:  3
		Mat Weight Precision:  2
		texture directory   :  /Users/jdurrant/Documents/Work/durrant_git/protein-vr/src/babylon_scenes/arrow/
	Python World class constructor completed
	processing begun of camera (UniversalCamera):  Camera
	processing begun of mesh:  arrow
		processing begun of material:  arrow_mat
		num positions      :  26
		num normals        :  26
		num tangents       :  0
		num uvs            :  0
		num uvs2           :  0
		num colors         :  0
		num indices        :  69
		WARNING: # of 0 area faces found:  2
	processing begun of light (POINT):  Light
========= Writing of JSON file started =========
	writing mesh:  arrow
========= Writing of JSON file completed =========
========= end of processing =========
elapsed time:  0 min, 0.013 secs
