Exporter version: 5.6.4, Blender version: 2.79 (sub 0)
========= Conversion from Blender to Babylon.js =========
	Scene settings used :
		export scope        :  ALL
		inline textures     :  false
		Positions Precision :  4
		Normals Precision   :  3
		UVs Precision       :  3
		Vert Color Precision:  3
		Mat Weight Precision:  2
		texture directory   :  /Users/jdurrant/Documents/Work/durrant_git/online-app-suite/src/js/api/server_apps/apps/CreateVRScene/scenes/Couch/babylon/
	Python World class constructor completed
	processing begun of mesh:  protein_box
		WARNING: No materials have been assigned: 
		num positions      :  8
		num normals        :  8
		num uvs            :  0
		num uvs2           :  0
		num colors         :  0
		num indices        :  36
	processing begun of mesh:  ground
		processing begun of Standard material:  Material.009
		num positions      :  28
		num normals        :  28
		num uvs            :  0
		num uvs2           :  0
		num colors         :  0
		num indices        :  120
	processing begun of mesh:  baked__Cube
		processing begun of Standard material:  Material.006
			Diffuse texture found "Texture.006"
				Image texture found, type:  diffuseTexture, mapped using: "UVMap"
		num positions      :  251
		num normals        :  251
		num uvs            :  502
		num uvs2           :  0
		num colors         :  0
		num indices        :  672
	processing begun of camera (UniversalCamera):  Camera
	processing begun of mesh:  baked__Block
		processing begun of Standard material:  Material.007
		num positions      :  8426
		num normals        :  8426
		num uvs            :  16852
		num uvs2           :  0
		num colors         :  0
		num indices        :  10932
	processing begun of mesh:  baked__Sofa
		processing begun of Standard material:  Material.003
			Diffuse texture found "Texture.003"
				Image texture found, type:  diffuseTexture, mapped using: "UVMap"
		num positions      :  1180
		num normals        :  1180
		num uvs            :  2360
		num uvs2           :  0
		num colors         :  0
		num indices        :  3300
	processing begun of mesh:  baked__CentralBeam
		processing begun of Standard material:  Material.008
			Diffuse texture found "Texture.007"
				Image texture found, type:  diffuseTexture, mapped using: "UVMap"
		num positions      :  378
		num normals        :  378
		num uvs            :  756
		num uvs2           :  0
		num colors         :  0
		num indices        :  948
	processing begun of mesh:  baked__StepGlass
		processing begun of Standard material:  Material.005
			Diffuse texture found "Texture.005"
				Image texture found, type:  diffuseTexture, mapped using: "UVMap"
		num positions      :  662
		num normals        :  662
		num uvs            :  1324
		num uvs2           :  0
		num colors         :  0
		num indices        :  828
	processing begun of mesh:  baked__Banister
		processing begun of Standard material:  Material.004
			Diffuse texture found "Texture.004"
				Image texture found, type:  diffuseTexture, mapped using: "UVMap"
		num positions      :  6654
		num normals        :  6654
		num uvs            :  13308
		num uvs2           :  0
		num colors         :  0
		num indices        :  9882
	processing begun of mesh:  baked__Wall.001
		processing begun of Standard material:  Material
			Diffuse texture found "Texture"
				Image texture found, type:  diffuseTexture, mapped using: "BAKETOOL_wall_and_blinds"
		num positions      :  572
		num normals        :  572
		num uvs            :  1144
		num uvs2           :  0
		num colors         :  0
		num indices        :  864
	processing begun of mesh:  baked__floor
		processing begun of Standard material:  Material.002
			Diffuse texture found "Texture.002"
				Image texture found, type:  diffuseTexture, mapped using: "UVMap"
		num positions      :  25
		num normals        :  25
		num uvs            :  50
		num uvs2           :  0
		num colors         :  0
		num indices        :  36
	processing begun of mesh:  baked__Ceiling
		processing begun of Standard material:  Material.001
			Diffuse texture found "Texture.001"
				Image texture found, type:  diffuseTexture, mapped using: "UVMap"
		num positions      :  750
		num normals        :  750
		num uvs            :  1500
		num uvs2           :  0
		num colors         :  0
		num indices        :  1260
	processing begun of mesh:  ShadowCatcher
		processing begun of Standard material:  Material.010
		num positions      :  15
		num normals        :  15
		num uvs            :  0
		num uvs2           :  0
		num colors         :  0
		num indices        :  54
	processing begun of light (SUN):  ShadowLight_Sun
	processing begun of light (SPOT):  Sha__dowLight_Spot
	processing begun of light (AREA):  Area.001
	processing begun of light (AREA):  Area
========= Writing of scene file started =========
========= Writing of scene file completed =========
========= end of processing =========
elapsed time:  0 min, 0.9708 secs
